<?xml version="1.0" encoding="UTF-8"?>
<!-- Generated by org.testng.reporters.JUnitReportReporter -->
<testsuite hostname="DESKTOP-EHMRNKB" failures="0" tests="4" name="SecondSegment_SR.HomePage" time="0.025" errors="0" timestamp="2024-09-15T13:28:34 IST" skipped="0">
  <testcase classname="SecondSegment_SR.HomePage" name="Customer_Review" time="0.004"/>
  <system-out/>
  <testcase classname="SecondSegment_SR.HomePage" name="Search_Option" time="0.006"/>
  <system-out/>
  <testcase classname="SecondSegment_SR.HomePage" name="Product_Tab" time="0.008"/>
  <system-out/>
  <testcase classname="SecondSegment_SR.HomePage" name="Menu_Option" time="0.007"/>
  <system-out/>
</testsuite> <!-- SecondSegment_SR.HomePage -->
