<?xml version="1.0" encoding="UTF-8"?>
<!-- Generated by org.testng.reporters.JUnitReportReporter -->
<testsuite hostname="DESKTOP-EHMRNKB" failures="0" tests="1" name="Mvn_SCSR.ScrollingPage" time="6.197" errors="0" timestamp="2024-09-15T12:13:14 IST" skipped="0">
  <testcase classname="Mvn_SCSR.ScrollingPage" name="ScrollPage" time="6.197"/>
  <system-out/>
</testsuite> <!-- Mvn_SCSR.ScrollingPage -->
