<?xml version="1.0" encoding="UTF-8"?>
<!-- Generated by org.testng.reporters.JUnitReportReporter -->
<testsuite hostname="DESKTOP-EHMRNKB" failures="0" tests="4" name="FirstSegment_SR.Registration" time="0.121" errors="0" timestamp="2024-09-15T13:28:34 IST" skipped="0">
  <testcase classname="FirstSegment_SR.Registration" name="User_MobileNo" time="0.007"/>
  <system-out/>
  <testcase classname="FirstSegment_SR.Registration" name="UserName_Field" time="0.006"/>
  <system-out/>
  <testcase classname="FirstSegment_SR.Registration" name="User_EmailID" time="0.006"/>
  <system-out/>
  <testcase classname="FirstSegment_SR.Registration" name="UserID_Creation" time="0.102"/>
  <system-out/>
</testsuite> <!-- FirstSegment_SR.Registration -->
