<?xml version="1.0" encoding="UTF-8"?>
<!-- Generated by org.testng.reporters.JUnitReportReporter -->
<testsuite hostname="DESKTOP-EHMRNKB" failures="0" tests="2" name="ThirdSegment_SR.WishList" time="0.016" errors="0" timestamp="2024-09-15T13:28:34 IST" skipped="0">
  <testcase classname="ThirdSegment_SR.WishList" name="Multiple_Product" time="0.007"/>
  <system-out/>
  <testcase classname="ThirdSegment_SR.WishList" name="ProductList" time="0.009"/>
  <system-out/>
</testsuite> <!-- ThirdSegment_SR.WishList -->
