<?xml version="1.0" encoding="UTF-8"?>
<!-- Generated by org.testng.reporters.JUnitReportReporter -->
<testsuite hostname="DESKTOP-EHMRNKB" failures="0" tests="1" name="Mvn_SCSR.First_MvnSR" time="2.416" errors="0" timestamp="2024-09-15T11:45:52 IST" skipped="0">
  <testcase classname="Mvn_SCSR.First_MvnSR" name="ListOfData" time="2.416"/>
  <system-out/>
</testsuite> <!-- Mvn_SCSR.First_MvnSR -->
